Compiling the C compiler identification source file "CMakeCCompilerId.c" failed.
Compiler: /home/noone/projects/Chroma/cross/bin/x86_64-elf-gcc 
Build flags: 
Id flags:  

The output was:
1
/home/noone/projects/Chroma/cross/bin/../lib/gcc/x86_64-elf/9.2.0/../../../../x86_64-elf/bin/ld: cannot find crt0.o: No such file or directory
/home/noone/projects/Chroma/cross/bin/../lib/gcc/x86_64-elf/9.2.0/../../../../x86_64-elf/bin/ld: cannot find -lc
collect2: error: ld returned 1 exit status


Determining if the C compiler works failed with the following output:
Change Dir: /home/noone/projects/Chroma/CMakeFiles/CMakeTmp

Run Build Command(s):/usr/bin/make cmTC_cedd6/fast && /usr/bin/make -f CMakeFiles/cmTC_cedd6.dir/build.make CMakeFiles/cmTC_cedd6.dir/build
make[1]: Entering directory '/home/noone/projects/Chroma/CMakeFiles/CMakeTmp'
Building C object CMakeFiles/cmTC_cedd6.dir/testCCompiler.c.o
/home/noone/projects/Chroma/cross/bin/x86_64-elf-gcc    -o CMakeFiles/cmTC_cedd6.dir/testCCompiler.c.o   -c /home/noone/projects/Chroma/CMakeFiles/CMakeTmp/testCCompiler.c
Linking C executable cmTC_cedd6
/usr/bin/cmake -E cmake_link_script CMakeFiles/cmTC_cedd6.dir/link.txt --verbose=1
/home/noone/projects/Chroma/cross/bin/x86_64-elf-gcc      CMakeFiles/cmTC_cedd6.dir/testCCompiler.c.o  -o cmTC_cedd6 
/home/noone/projects/Chroma/cross/bin/../lib/gcc/x86_64-elf/9.2.0/../../../../x86_64-elf/bin/ld: cannot find crt0.o: No such file or directory
/home/noone/projects/Chroma/cross/bin/../lib/gcc/x86_64-elf/9.2.0/../../../../x86_64-elf/bin/ld: cannot find -lc
collect2: error: ld returned 1 exit status
make[1]: *** [CMakeFiles/cmTC_cedd6.dir/build.make:87: cmTC_cedd6] Error 1
make[1]: Leaving directory '/home/noone/projects/Chroma/CMakeFiles/CMakeTmp'
make: *** [Makefile:121: cmTC_cedd6/fast] Error 2



Compiling the C compiler identification source file "CMakeCCompilerId.c" failed.
Compiler: /home/noone/projects/Chroma/cross/bin/x86_64-elf-gcc 
Build flags: 
Id flags:  

The output was:
1
/home/noone/projects/Chroma/cross/bin/../lib/gcc/x86_64-elf/9.2.0/../../../../x86_64-elf/bin/ld: cannot find crt0.o: No such file or directory
/home/noone/projects/Chroma/cross/bin/../lib/gcc/x86_64-elf/9.2.0/../../../../x86_64-elf/bin/ld: cannot find -lc
collect2: error: ld returned 1 exit status


Determining if the C compiler works failed with the following output:
Change Dir: /home/noone/projects/Chroma/CMakeFiles/CMakeTmp

Run Build Command(s):/usr/bin/make cmTC_351bb/fast && /usr/bin/make -f CMakeFiles/cmTC_351bb.dir/build.make CMakeFiles/cmTC_351bb.dir/build
make[1]: Entering directory '/home/noone/projects/Chroma/CMakeFiles/CMakeTmp'
Building C object CMakeFiles/cmTC_351bb.dir/testCCompiler.c.o
/home/noone/projects/Chroma/cross/bin/x86_64-elf-gcc    -o CMakeFiles/cmTC_351bb.dir/testCCompiler.c.o   -c /home/noone/projects/Chroma/CMakeFiles/CMakeTmp/testCCompiler.c
Linking C executable cmTC_351bb
/usr/bin/cmake -E cmake_link_script CMakeFiles/cmTC_351bb.dir/link.txt --verbose=1
/home/noone/projects/Chroma/cross/bin/x86_64-elf-gcc      CMakeFiles/cmTC_351bb.dir/testCCompiler.c.o  -o cmTC_351bb 
/home/noone/projects/Chroma/cross/bin/../lib/gcc/x86_64-elf/9.2.0/../../../../x86_64-elf/bin/ld: cannot find crt0.o: No such file or directory
/home/noone/projects/Chroma/cross/bin/../lib/gcc/x86_64-elf/9.2.0/../../../../x86_64-elf/bin/ld: cannot find -lc
collect2: error: ld returned 1 exit status
make[1]: *** [CMakeFiles/cmTC_351bb.dir/build.make:87: cmTC_351bb] Error 1
make[1]: Leaving directory '/home/noone/projects/Chroma/CMakeFiles/CMakeTmp'
make: *** [Makefile:121: cmTC_351bb/fast] Error 2



Compiling the C compiler identification source file "CMakeCCompilerId.c" failed.
Compiler: /home/noone/projects/Chroma/cross/bin/x86_64-elf-gcc 
Build flags: 
Id flags:  

The output was:
1
/home/noone/projects/Chroma/cross/bin/../lib/gcc/x86_64-elf/9.2.0/../../../../x86_64-elf/bin/ld: cannot find crt0.o: No such file or directory
/home/noone/projects/Chroma/cross/bin/../lib/gcc/x86_64-elf/9.2.0/../../../../x86_64-elf/bin/ld: cannot find -lc
collect2: error: ld returned 1 exit status


